Terminals unused in grammar

   PT_ERROR


Grammar

    0 $accept: input $end

    1 input: expr

    2 expr: expr "," expr
    3     | PT_SYMBOL "=" expr
    4     | expr "!=" expr
    5     | expr "==" expr
    6     | expr "||" expr
    7     | expr "&&" expr
    8     | expr "|" expr
    9     | expr "^" expr
   10     | expr "&" expr
   11     | expr "<" expr
   12     | expr ">" expr
   13     | expr ">=" expr
   14     | expr "<=" expr
   15     | expr "+" expr
   16     | expr "-" expr
   17     | expr "%" expr
   18     | expr "*" expr
   19     | expr "/" expr
   20     | "!" expr
   21     | "+" expr
   22     | "-" expr
   23     | "(" expr ")"
   24     | PT_NUM
   25     | PT_SYMBOL


Terminals, with rules where they appear

$end (0) 0
error (256)
"(" (258) 23
")" (259) 23
PT_ERROR (260)
"," (261) 2
"=" (262) 3
"!=" (263) 4
"==" (264) 5
"||" (265) 6
"&&" (266) 7
"|" (267) 8
"^" (268) 9
"&" (269) 10
"<" (270) 11
">" (271) 12
"<=" (272) 14
">=" (273) 13
"+" (274) 15 21
"-" (275) 16 22
"*" (276) 18
"/" (277) 19
"%" (278) 17
"!" (279) 20
PT_UN (280)
PT_SYMBOL (281) 3 25
PT_NUM (282) 24


Nonterminals, with rules where they appear

$accept (28)
    on left: 0
input (29)
    on left: 1, on right: 0
expr (30)
    on left: 2 3 4 5 6 7 8 9 10 11 12 13 14 15 16 17 18 19 20 21 22
    23 24 25, on right: 1 2 3 4 5 6 7 8 9 10 11 12 13 14 15 16 17 18
    19 20 21 22 23


state 0

    0 $accept: . input $end

    "("        shift, and go to state 1
    "+"        shift, and go to state 2
    "-"        shift, and go to state 3
    "!"        shift, and go to state 4
    PT_SYMBOL  shift, and go to state 5
    PT_NUM     shift, and go to state 6

    input  go to state 7
    expr   go to state 8


state 1

   23 expr: "(" . expr ")"

    "("        shift, and go to state 1
    "+"        shift, and go to state 2
    "-"        shift, and go to state 3
    "!"        shift, and go to state 4
    PT_SYMBOL  shift, and go to state 5
    PT_NUM     shift, and go to state 6

    expr  go to state 9


state 2

   21 expr: "+" . expr

    "("        shift, and go to state 1
    "+"        shift, and go to state 2
    "-"        shift, and go to state 3
    "!"        shift, and go to state 4
    PT_SYMBOL  shift, and go to state 5
    PT_NUM     shift, and go to state 6

    expr  go to state 10


state 3

   22 expr: "-" . expr

    "("        shift, and go to state 1
    "+"        shift, and go to state 2
    "-"        shift, and go to state 3
    "!"        shift, and go to state 4
    PT_SYMBOL  shift, and go to state 5
    PT_NUM     shift, and go to state 6

    expr  go to state 11


state 4

   20 expr: "!" . expr

    "("        shift, and go to state 1
    "+"        shift, and go to state 2
    "-"        shift, and go to state 3
    "!"        shift, and go to state 4
    PT_SYMBOL  shift, and go to state 5
    PT_NUM     shift, and go to state 6

    expr  go to state 12


state 5

    3 expr: PT_SYMBOL . "=" expr
   25     | PT_SYMBOL .

    "="  shift, and go to state 13

    $default  reduce using rule 25 (expr)


state 6

   24 expr: PT_NUM .

    $default  reduce using rule 24 (expr)


state 7

    0 $accept: input . $end

    $end  shift, and go to state 14


state 8

    1 input: expr .
    2 expr: expr . "," expr
    4     | expr . "!=" expr
    5     | expr . "==" expr
    6     | expr . "||" expr
    7     | expr . "&&" expr
    8     | expr . "|" expr
    9     | expr . "^" expr
   10     | expr . "&" expr
   11     | expr . "<" expr
   12     | expr . ">" expr
   13     | expr . ">=" expr
   14     | expr . "<=" expr
   15     | expr . "+" expr
   16     | expr . "-" expr
   17     | expr . "%" expr
   18     | expr . "*" expr
   19     | expr . "/" expr

    ","   shift, and go to state 15
    "!="  shift, and go to state 16
    "=="  shift, and go to state 17
    "||"  shift, and go to state 18
    "&&"  shift, and go to state 19
    "|"   shift, and go to state 20
    "^"   shift, and go to state 21
    "&"   shift, and go to state 22
    "<"   shift, and go to state 23
    ">"   shift, and go to state 24
    "<="  shift, and go to state 25
    ">="  shift, and go to state 26
    "+"   shift, and go to state 27
    "-"   shift, and go to state 28
    "*"   shift, and go to state 29
    "/"   shift, and go to state 30
    "%"   shift, and go to state 31

    $default  reduce using rule 1 (input)


state 9

    2 expr: expr . "," expr
    4     | expr . "!=" expr
    5     | expr . "==" expr
    6     | expr . "||" expr
    7     | expr . "&&" expr
    8     | expr . "|" expr
    9     | expr . "^" expr
   10     | expr . "&" expr
   11     | expr . "<" expr
   12     | expr . ">" expr
   13     | expr . ">=" expr
   14     | expr . "<=" expr
   15     | expr . "+" expr
   16     | expr . "-" expr
   17     | expr . "%" expr
   18     | expr . "*" expr
   19     | expr . "/" expr
   23     | "(" expr . ")"

    ")"   shift, and go to state 32
    ","   shift, and go to state 15
    "!="  shift, and go to state 16
    "=="  shift, and go to state 17
    "||"  shift, and go to state 18
    "&&"  shift, and go to state 19
    "|"   shift, and go to state 20
    "^"   shift, and go to state 21
    "&"   shift, and go to state 22
    "<"   shift, and go to state 23
    ">"   shift, and go to state 24
    "<="  shift, and go to state 25
    ">="  shift, and go to state 26
    "+"   shift, and go to state 27
    "-"   shift, and go to state 28
    "*"   shift, and go to state 29
    "/"   shift, and go to state 30
    "%"   shift, and go to state 31


state 10

    2 expr: expr . "," expr
    4     | expr . "!=" expr
    5     | expr . "==" expr
    6     | expr . "||" expr
    7     | expr . "&&" expr
    8     | expr . "|" expr
    9     | expr . "^" expr
   10     | expr . "&" expr
   11     | expr . "<" expr
   12     | expr . ">" expr
   13     | expr . ">=" expr
   14     | expr . "<=" expr
   15     | expr . "+" expr
   16     | expr . "-" expr
   17     | expr . "%" expr
   18     | expr . "*" expr
   19     | expr . "/" expr
   21     | "+" expr .

    $default  reduce using rule 21 (expr)


state 11

    2 expr: expr . "," expr
    4     | expr . "!=" expr
    5     | expr . "==" expr
    6     | expr . "||" expr
    7     | expr . "&&" expr
    8     | expr . "|" expr
    9     | expr . "^" expr
   10     | expr . "&" expr
   11     | expr . "<" expr
   12     | expr . ">" expr
   13     | expr . ">=" expr
   14     | expr . "<=" expr
   15     | expr . "+" expr
   16     | expr . "-" expr
   17     | expr . "%" expr
   18     | expr . "*" expr
   19     | expr . "/" expr
   22     | "-" expr .

    $default  reduce using rule 22 (expr)


state 12

    2 expr: expr . "," expr
    4     | expr . "!=" expr
    5     | expr . "==" expr
    6     | expr . "||" expr
    7     | expr . "&&" expr
    8     | expr . "|" expr
    9     | expr . "^" expr
   10     | expr . "&" expr
   11     | expr . "<" expr
   12     | expr . ">" expr
   13     | expr . ">=" expr
   14     | expr . "<=" expr
   15     | expr . "+" expr
   16     | expr . "-" expr
   17     | expr . "%" expr
   18     | expr . "*" expr
   19     | expr . "/" expr
   20     | "!" expr .

    $default  reduce using rule 20 (expr)


state 13

    3 expr: PT_SYMBOL "=" . expr

    "("        shift, and go to state 1
    "+"        shift, and go to state 2
    "-"        shift, and go to state 3
    "!"        shift, and go to state 4
    PT_SYMBOL  shift, and go to state 5
    PT_NUM     shift, and go to state 6

    expr  go to state 33


state 14

    0 $accept: input $end .

    $default  accept


state 15

    2 expr: expr "," . expr

    "("        shift, and go to state 1
    "+"        shift, and go to state 2
    "-"        shift, and go to state 3
    "!"        shift, and go to state 4
    PT_SYMBOL  shift, and go to state 5
    PT_NUM     shift, and go to state 6

    expr  go to state 34


state 16

    4 expr: expr "!=" . expr

    "("        shift, and go to state 1
    "+"        shift, and go to state 2
    "-"        shift, and go to state 3
    "!"        shift, and go to state 4
    PT_SYMBOL  shift, and go to state 5
    PT_NUM     shift, and go to state 6

    expr  go to state 35


state 17

    5 expr: expr "==" . expr

    "("        shift, and go to state 1
    "+"        shift, and go to state 2
    "-"        shift, and go to state 3
    "!"        shift, and go to state 4
    PT_SYMBOL  shift, and go to state 5
    PT_NUM     shift, and go to state 6

    expr  go to state 36


state 18

    6 expr: expr "||" . expr

    "("        shift, and go to state 1
    "+"        shift, and go to state 2
    "-"        shift, and go to state 3
    "!"        shift, and go to state 4
    PT_SYMBOL  shift, and go to state 5
    PT_NUM     shift, and go to state 6

    expr  go to state 37


state 19

    7 expr: expr "&&" . expr

    "("        shift, and go to state 1
    "+"        shift, and go to state 2
    "-"        shift, and go to state 3
    "!"        shift, and go to state 4
    PT_SYMBOL  shift, and go to state 5
    PT_NUM     shift, and go to state 6

    expr  go to state 38


state 20

    8 expr: expr "|" . expr

    "("        shift, and go to state 1
    "+"        shift, and go to state 2
    "-"        shift, and go to state 3
    "!"        shift, and go to state 4
    PT_SYMBOL  shift, and go to state 5
    PT_NUM     shift, and go to state 6

    expr  go to state 39


state 21

    9 expr: expr "^" . expr

    "("        shift, and go to state 1
    "+"        shift, and go to state 2
    "-"        shift, and go to state 3
    "!"        shift, and go to state 4
    PT_SYMBOL  shift, and go to state 5
    PT_NUM     shift, and go to state 6

    expr  go to state 40


state 22

   10 expr: expr "&" . expr

    "("        shift, and go to state 1
    "+"        shift, and go to state 2
    "-"        shift, and go to state 3
    "!"        shift, and go to state 4
    PT_SYMBOL  shift, and go to state 5
    PT_NUM     shift, and go to state 6

    expr  go to state 41


state 23

   11 expr: expr "<" . expr

    "("        shift, and go to state 1
    "+"        shift, and go to state 2
    "-"        shift, and go to state 3
    "!"        shift, and go to state 4
    PT_SYMBOL  shift, and go to state 5
    PT_NUM     shift, and go to state 6

    expr  go to state 42


state 24

   12 expr: expr ">" . expr

    "("        shift, and go to state 1
    "+"        shift, and go to state 2
    "-"        shift, and go to state 3
    "!"        shift, and go to state 4
    PT_SYMBOL  shift, and go to state 5
    PT_NUM     shift, and go to state 6

    expr  go to state 43


state 25

   14 expr: expr "<=" . expr

    "("        shift, and go to state 1
    "+"        shift, and go to state 2
    "-"        shift, and go to state 3
    "!"        shift, and go to state 4
    PT_SYMBOL  shift, and go to state 5
    PT_NUM     shift, and go to state 6

    expr  go to state 44


state 26

   13 expr: expr ">=" . expr

    "("        shift, and go to state 1
    "+"        shift, and go to state 2
    "-"        shift, and go to state 3
    "!"        shift, and go to state 4
    PT_SYMBOL  shift, and go to state 5
    PT_NUM     shift, and go to state 6

    expr  go to state 45


state 27

   15 expr: expr "+" . expr

    "("        shift, and go to state 1
    "+"        shift, and go to state 2
    "-"        shift, and go to state 3
    "!"        shift, and go to state 4
    PT_SYMBOL  shift, and go to state 5
    PT_NUM     shift, and go to state 6

    expr  go to state 46


state 28

   16 expr: expr "-" . expr

    "("        shift, and go to state 1
    "+"        shift, and go to state 2
    "-"        shift, and go to state 3
    "!"        shift, and go to state 4
    PT_SYMBOL  shift, and go to state 5
    PT_NUM     shift, and go to state 6

    expr  go to state 47


state 29

   18 expr: expr "*" . expr

    "("        shift, and go to state 1
    "+"        shift, and go to state 2
    "-"        shift, and go to state 3
    "!"        shift, and go to state 4
    PT_SYMBOL  shift, and go to state 5
    PT_NUM     shift, and go to state 6

    expr  go to state 48


state 30

   19 expr: expr "/" . expr

    "("        shift, and go to state 1
    "+"        shift, and go to state 2
    "-"        shift, and go to state 3
    "!"        shift, and go to state 4
    PT_SYMBOL  shift, and go to state 5
    PT_NUM     shift, and go to state 6

    expr  go to state 49


state 31

   17 expr: expr "%" . expr

    "("        shift, and go to state 1
    "+"        shift, and go to state 2
    "-"        shift, and go to state 3
    "!"        shift, and go to state 4
    PT_SYMBOL  shift, and go to state 5
    PT_NUM     shift, and go to state 6

    expr  go to state 50


state 32

   23 expr: "(" expr ")" .

    $default  reduce using rule 23 (expr)


state 33

    2 expr: expr . "," expr
    3     | PT_SYMBOL "=" expr .
    4     | expr . "!=" expr
    5     | expr . "==" expr
    6     | expr . "||" expr
    7     | expr . "&&" expr
    8     | expr . "|" expr
    9     | expr . "^" expr
   10     | expr . "&" expr
   11     | expr . "<" expr
   12     | expr . ">" expr
   13     | expr . ">=" expr
   14     | expr . "<=" expr
   15     | expr . "+" expr
   16     | expr . "-" expr
   17     | expr . "%" expr
   18     | expr . "*" expr
   19     | expr . "/" expr

    "!="  shift, and go to state 16
    "=="  shift, and go to state 17
    "<"   shift, and go to state 23
    ">"   shift, and go to state 24
    "<="  shift, and go to state 25
    ">="  shift, and go to state 26
    "+"   shift, and go to state 27
    "-"   shift, and go to state 28
    "*"   shift, and go to state 29
    "/"   shift, and go to state 30
    "%"   shift, and go to state 31

    $default  reduce using rule 3 (expr)


state 34

    2 expr: expr . "," expr
    2     | expr "," expr .
    4     | expr . "!=" expr
    5     | expr . "==" expr
    6     | expr . "||" expr
    7     | expr . "&&" expr
    8     | expr . "|" expr
    9     | expr . "^" expr
   10     | expr . "&" expr
   11     | expr . "<" expr
   12     | expr . ">" expr
   13     | expr . ">=" expr
   14     | expr . "<=" expr
   15     | expr . "+" expr
   16     | expr . "-" expr
   17     | expr . "%" expr
   18     | expr . "*" expr
   19     | expr . "/" expr

    "!="  shift, and go to state 16
    "=="  shift, and go to state 17
    "||"  shift, and go to state 18
    "&&"  shift, and go to state 19
    "|"   shift, and go to state 20
    "^"   shift, and go to state 21
    "&"   shift, and go to state 22
    "<"   shift, and go to state 23
    ">"   shift, and go to state 24
    "<="  shift, and go to state 25
    ">="  shift, and go to state 26
    "+"   shift, and go to state 27
    "-"   shift, and go to state 28
    "*"   shift, and go to state 29
    "/"   shift, and go to state 30
    "%"   shift, and go to state 31

    $default  reduce using rule 2 (expr)


state 35

    2 expr: expr . "," expr
    4     | expr . "!=" expr
    4     | expr "!=" expr .
    5     | expr . "==" expr
    6     | expr . "||" expr
    7     | expr . "&&" expr
    8     | expr . "|" expr
    9     | expr . "^" expr
   10     | expr . "&" expr
   11     | expr . "<" expr
   12     | expr . ">" expr
   13     | expr . ">=" expr
   14     | expr . "<=" expr
   15     | expr . "+" expr
   16     | expr . "-" expr
   17     | expr . "%" expr
   18     | expr . "*" expr
   19     | expr . "/" expr

    "<"   shift, and go to state 23
    ">"   shift, and go to state 24
    "<="  shift, and go to state 25
    ">="  shift, and go to state 26
    "+"   shift, and go to state 27
    "-"   shift, and go to state 28
    "*"   shift, and go to state 29
    "/"   shift, and go to state 30
    "%"   shift, and go to state 31

    $default  reduce using rule 4 (expr)


state 36

    2 expr: expr . "," expr
    4     | expr . "!=" expr
    5     | expr . "==" expr
    5     | expr "==" expr .
    6     | expr . "||" expr
    7     | expr . "&&" expr
    8     | expr . "|" expr
    9     | expr . "^" expr
   10     | expr . "&" expr
   11     | expr . "<" expr
   12     | expr . ">" expr
   13     | expr . ">=" expr
   14     | expr . "<=" expr
   15     | expr . "+" expr
   16     | expr . "-" expr
   17     | expr . "%" expr
   18     | expr . "*" expr
   19     | expr . "/" expr

    "<"   shift, and go to state 23
    ">"   shift, and go to state 24
    "<="  shift, and go to state 25
    ">="  shift, and go to state 26
    "+"   shift, and go to state 27
    "-"   shift, and go to state 28
    "*"   shift, and go to state 29
    "/"   shift, and go to state 30
    "%"   shift, and go to state 31

    $default  reduce using rule 5 (expr)


state 37

    2 expr: expr . "," expr
    4     | expr . "!=" expr
    5     | expr . "==" expr
    6     | expr . "||" expr
    6     | expr "||" expr .
    7     | expr . "&&" expr
    8     | expr . "|" expr
    9     | expr . "^" expr
   10     | expr . "&" expr
   11     | expr . "<" expr
   12     | expr . ">" expr
   13     | expr . ">=" expr
   14     | expr . "<=" expr
   15     | expr . "+" expr
   16     | expr . "-" expr
   17     | expr . "%" expr
   18     | expr . "*" expr
   19     | expr . "/" expr

    "!="  shift, and go to state 16
    "=="  shift, and go to state 17
    "&&"  shift, and go to state 19
    "|"   shift, and go to state 20
    "^"   shift, and go to state 21
    "&"   shift, and go to state 22
    "<"   shift, and go to state 23
    ">"   shift, and go to state 24
    "<="  shift, and go to state 25
    ">="  shift, and go to state 26
    "+"   shift, and go to state 27
    "-"   shift, and go to state 28
    "*"   shift, and go to state 29
    "/"   shift, and go to state 30
    "%"   shift, and go to state 31

    $default  reduce using rule 6 (expr)


state 38

    2 expr: expr . "," expr
    4     | expr . "!=" expr
    5     | expr . "==" expr
    6     | expr . "||" expr
    7     | expr . "&&" expr
    7     | expr "&&" expr .
    8     | expr . "|" expr
    9     | expr . "^" expr
   10     | expr . "&" expr
   11     | expr . "<" expr
   12     | expr . ">" expr
   13     | expr . ">=" expr
   14     | expr . "<=" expr
   15     | expr . "+" expr
   16     | expr . "-" expr
   17     | expr . "%" expr
   18     | expr . "*" expr
   19     | expr . "/" expr

    "!="  shift, and go to state 16
    "=="  shift, and go to state 17
    "|"   shift, and go to state 20
    "^"   shift, and go to state 21
    "&"   shift, and go to state 22
    "<"   shift, and go to state 23
    ">"   shift, and go to state 24
    "<="  shift, and go to state 25
    ">="  shift, and go to state 26
    "+"   shift, and go to state 27
    "-"   shift, and go to state 28
    "*"   shift, and go to state 29
    "/"   shift, and go to state 30
    "%"   shift, and go to state 31

    $default  reduce using rule 7 (expr)


state 39

    2 expr: expr . "," expr
    4     | expr . "!=" expr
    5     | expr . "==" expr
    6     | expr . "||" expr
    7     | expr . "&&" expr
    8     | expr . "|" expr
    8     | expr "|" expr .
    9     | expr . "^" expr
   10     | expr . "&" expr
   11     | expr . "<" expr
   12     | expr . ">" expr
   13     | expr . ">=" expr
   14     | expr . "<=" expr
   15     | expr . "+" expr
   16     | expr . "-" expr
   17     | expr . "%" expr
   18     | expr . "*" expr
   19     | expr . "/" expr

    "!="  shift, and go to state 16
    "=="  shift, and go to state 17
    "^"   shift, and go to state 21
    "&"   shift, and go to state 22
    "<"   shift, and go to state 23
    ">"   shift, and go to state 24
    "<="  shift, and go to state 25
    ">="  shift, and go to state 26
    "+"   shift, and go to state 27
    "-"   shift, and go to state 28
    "*"   shift, and go to state 29
    "/"   shift, and go to state 30
    "%"   shift, and go to state 31

    $default  reduce using rule 8 (expr)


state 40

    2 expr: expr . "," expr
    4     | expr . "!=" expr
    5     | expr . "==" expr
    6     | expr . "||" expr
    7     | expr . "&&" expr
    8     | expr . "|" expr
    9     | expr . "^" expr
    9     | expr "^" expr .
   10     | expr . "&" expr
   11     | expr . "<" expr
   12     | expr . ">" expr
   13     | expr . ">=" expr
   14     | expr . "<=" expr
   15     | expr . "+" expr
   16     | expr . "-" expr
   17     | expr . "%" expr
   18     | expr . "*" expr
   19     | expr . "/" expr

    "!="  shift, and go to state 16
    "=="  shift, and go to state 17
    "&"   shift, and go to state 22
    "<"   shift, and go to state 23
    ">"   shift, and go to state 24
    "<="  shift, and go to state 25
    ">="  shift, and go to state 26
    "+"   shift, and go to state 27
    "-"   shift, and go to state 28
    "*"   shift, and go to state 29
    "/"   shift, and go to state 30
    "%"   shift, and go to state 31

    $default  reduce using rule 9 (expr)


state 41

    2 expr: expr . "," expr
    4     | expr . "!=" expr
    5     | expr . "==" expr
    6     | expr . "||" expr
    7     | expr . "&&" expr
    8     | expr . "|" expr
    9     | expr . "^" expr
   10     | expr . "&" expr
   10     | expr "&" expr .
   11     | expr . "<" expr
   12     | expr . ">" expr
   13     | expr . ">=" expr
   14     | expr . "<=" expr
   15     | expr . "+" expr
   16     | expr . "-" expr
   17     | expr . "%" expr
   18     | expr . "*" expr
   19     | expr . "/" expr

    "!="  shift, and go to state 16
    "=="  shift, and go to state 17
    "<"   shift, and go to state 23
    ">"   shift, and go to state 24
    "<="  shift, and go to state 25
    ">="  shift, and go to state 26
    "+"   shift, and go to state 27
    "-"   shift, and go to state 28
    "*"   shift, and go to state 29
    "/"   shift, and go to state 30
    "%"   shift, and go to state 31

    $default  reduce using rule 10 (expr)


state 42

    2 expr: expr . "," expr
    4     | expr . "!=" expr
    5     | expr . "==" expr
    6     | expr . "||" expr
    7     | expr . "&&" expr
    8     | expr . "|" expr
    9     | expr . "^" expr
   10     | expr . "&" expr
   11     | expr . "<" expr
   11     | expr "<" expr .
   12     | expr . ">" expr
   13     | expr . ">=" expr
   14     | expr . "<=" expr
   15     | expr . "+" expr
   16     | expr . "-" expr
   17     | expr . "%" expr
   18     | expr . "*" expr
   19     | expr . "/" expr

    "+"  shift, and go to state 27
    "-"  shift, and go to state 28
    "*"  shift, and go to state 29
    "/"  shift, and go to state 30
    "%"  shift, and go to state 31

    $default  reduce using rule 11 (expr)


state 43

    2 expr: expr . "," expr
    4     | expr . "!=" expr
    5     | expr . "==" expr
    6     | expr . "||" expr
    7     | expr . "&&" expr
    8     | expr . "|" expr
    9     | expr . "^" expr
   10     | expr . "&" expr
   11     | expr . "<" expr
   12     | expr . ">" expr
   12     | expr ">" expr .
   13     | expr . ">=" expr
   14     | expr . "<=" expr
   15     | expr . "+" expr
   16     | expr . "-" expr
   17     | expr . "%" expr
   18     | expr . "*" expr
   19     | expr . "/" expr

    "+"  shift, and go to state 27
    "-"  shift, and go to state 28
    "*"  shift, and go to state 29
    "/"  shift, and go to state 30
    "%"  shift, and go to state 31

    $default  reduce using rule 12 (expr)


state 44

    2 expr: expr . "," expr
    4     | expr . "!=" expr
    5     | expr . "==" expr
    6     | expr . "||" expr
    7     | expr . "&&" expr
    8     | expr . "|" expr
    9     | expr . "^" expr
   10     | expr . "&" expr
   11     | expr . "<" expr
   12     | expr . ">" expr
   13     | expr . ">=" expr
   14     | expr . "<=" expr
   14     | expr "<=" expr .
   15     | expr . "+" expr
   16     | expr . "-" expr
   17     | expr . "%" expr
   18     | expr . "*" expr
   19     | expr . "/" expr

    "+"  shift, and go to state 27
    "-"  shift, and go to state 28
    "*"  shift, and go to state 29
    "/"  shift, and go to state 30
    "%"  shift, and go to state 31

    $default  reduce using rule 14 (expr)


state 45

    2 expr: expr . "," expr
    4     | expr . "!=" expr
    5     | expr . "==" expr
    6     | expr . "||" expr
    7     | expr . "&&" expr
    8     | expr . "|" expr
    9     | expr . "^" expr
   10     | expr . "&" expr
   11     | expr . "<" expr
   12     | expr . ">" expr
   13     | expr . ">=" expr
   13     | expr ">=" expr .
   14     | expr . "<=" expr
   15     | expr . "+" expr
   16     | expr . "-" expr
   17     | expr . "%" expr
   18     | expr . "*" expr
   19     | expr . "/" expr

    "+"  shift, and go to state 27
    "-"  shift, and go to state 28
    "*"  shift, and go to state 29
    "/"  shift, and go to state 30
    "%"  shift, and go to state 31

    $default  reduce using rule 13 (expr)


state 46

    2 expr: expr . "," expr
    4     | expr . "!=" expr
    5     | expr . "==" expr
    6     | expr . "||" expr
    7     | expr . "&&" expr
    8     | expr . "|" expr
    9     | expr . "^" expr
   10     | expr . "&" expr
   11     | expr . "<" expr
   12     | expr . ">" expr
   13     | expr . ">=" expr
   14     | expr . "<=" expr
   15     | expr . "+" expr
   15     | expr "+" expr .
   16     | expr . "-" expr
   17     | expr . "%" expr
   18     | expr . "*" expr
   19     | expr . "/" expr

    "*"  shift, and go to state 29
    "/"  shift, and go to state 30
    "%"  shift, and go to state 31

    $default  reduce using rule 15 (expr)


state 47

    2 expr: expr . "," expr
    4     | expr . "!=" expr
    5     | expr . "==" expr
    6     | expr . "||" expr
    7     | expr . "&&" expr
    8     | expr . "|" expr
    9     | expr . "^" expr
   10     | expr . "&" expr
   11     | expr . "<" expr
   12     | expr . ">" expr
   13     | expr . ">=" expr
   14     | expr . "<=" expr
   15     | expr . "+" expr
   16     | expr . "-" expr
   16     | expr "-" expr .
   17     | expr . "%" expr
   18     | expr . "*" expr
   19     | expr . "/" expr

    "*"  shift, and go to state 29
    "/"  shift, and go to state 30
    "%"  shift, and go to state 31

    $default  reduce using rule 16 (expr)


state 48

    2 expr: expr . "," expr
    4     | expr . "!=" expr
    5     | expr . "==" expr
    6     | expr . "||" expr
    7     | expr . "&&" expr
    8     | expr . "|" expr
    9     | expr . "^" expr
   10     | expr . "&" expr
   11     | expr . "<" expr
   12     | expr . ">" expr
   13     | expr . ">=" expr
   14     | expr . "<=" expr
   15     | expr . "+" expr
   16     | expr . "-" expr
   17     | expr . "%" expr
   18     | expr . "*" expr
   18     | expr "*" expr .
   19     | expr . "/" expr

    $default  reduce using rule 18 (expr)


state 49

    2 expr: expr . "," expr
    4     | expr . "!=" expr
    5     | expr . "==" expr
    6     | expr . "||" expr
    7     | expr . "&&" expr
    8     | expr . "|" expr
    9     | expr . "^" expr
   10     | expr . "&" expr
   11     | expr . "<" expr
   12     | expr . ">" expr
   13     | expr . ">=" expr
   14     | expr . "<=" expr
   15     | expr . "+" expr
   16     | expr . "-" expr
   17     | expr . "%" expr
   18     | expr . "*" expr
   19     | expr . "/" expr
   19     | expr "/" expr .

    $default  reduce using rule 19 (expr)


state 50

    2 expr: expr . "," expr
    4     | expr . "!=" expr
    5     | expr . "==" expr
    6     | expr . "||" expr
    7     | expr . "&&" expr
    8     | expr . "|" expr
    9     | expr . "^" expr
   10     | expr . "&" expr
   11     | expr . "<" expr
   12     | expr . ">" expr
   13     | expr . ">=" expr
   14     | expr . "<=" expr
   15     | expr . "+" expr
   16     | expr . "-" expr
   17     | expr . "%" expr
   17     | expr "%" expr .
   18     | expr . "*" expr
   19     | expr . "/" expr

    $default  reduce using rule 17 (expr)
